src/app/(app)/ecommerce/page.tsx(203,49): error TS2607: JSX element class does not support attributes because it does not have a 'props' property.
src/app/(app)/ecommerce/page.tsx(203,50): error TS2786: 'Image' cannot be used as a JSX component.
  Its type 'new (width?: number | undefined, height?: number | undefined) => HTMLImageElement' is not a valid JSX element type.
    Type 'new (width?: number | undefined, height?: number | undefined) => HTMLImageElement' is not assignable to type 'new (props: any, context: any) => Component<any, any, any>'.
      Type 'HTMLImageElement' is missing the following properties from type 'Component<any, any, any>': context, setState, forceUpdate, render, and 2 more.
src/app/(app)/ecommerce/page.tsx(251,30): error TS2304: Cannot find name 'Zap'.
